<?xml version="1.0" encoding="UTF-8"?>
<!-- Generated by org.testng.reporters.JUnitReportReporter -->
<testsuite hostname="LAPTOP-3I5RTLPO" failures="0" tests="1" name="seleniumBasics.TestNGAnnotations" time="0.025" errors="0" timestamp="2025-02-18T14:28:53 IST" skipped="0">
  <testcase classname="seleniumBasics.TestNGAnnotations" name="testCase1" time="0.025"/>
</testsuite> <!-- seleniumBasics.TestNGAnnotations -->
