<?xml version="1.0" encoding="UTF-8"?>
<!-- Generated by org.testng.reporters.JUnitReportReporter -->
<testsuite hostname="LAPTOP-3I5RTLPO" failures="0" tests="1" name="seleniumBasics.TestNGAnnotations" time="0.029" errors="0" timestamp="2025-02-17T14:48:00 IST" skipped="0">
  <testcase classname="seleniumBasics.TestNGAnnotations" name="testCase1" time="0.029"/>
</testsuite> <!-- seleniumBasics.TestNGAnnotations -->
