<?xml version="1.0" encoding="UTF-8"?>
<!-- Generated by org.testng.reporters.JUnitReportReporter -->
<testsuite hostname="LAPTOP-3I5RTLPO" failures="0" tests="4" name="seleniumBasics.LoginTest" time="21.434" errors="0" timestamp="2025-02-20T14:00:29 IST" skipped="0">
  <testcase classname="seleniumBasics.LoginTest" name="verifyUserLoginWithValidUsernameAndValidPassword" time="3.963"/>
  <testcase classname="seleniumBasics.LoginTest" name="verifyUserLoginWithInvalidUsernameAndInvalidPassword" time="9.845"/>
  <testcase classname="seleniumBasics.LoginTest" name="verifyUserLoginWithInvalidUsernameAndValidPassword" time="3.699"/>
  <testcase classname="seleniumBasics.LoginTest" name="verifyUserLoginWithValidUsernameAndInvalidPassword" time="3.927"/>
</testsuite> <!-- seleniumBasics.LoginTest -->
